<?xml version="1.0" encoding="UTF-8"?>
<!-- Generated by org.testng.reporters.JUnitReportReporter -->
<testsuite skipped="0" hostname="DESKTOP-D69MGO4" name="test.AddCustomerTest" tests="1" failures="0" timestamp="2021-06-01T18:30:28 CDT" time="24.038" errors="0">
  <testcase name="validCustomerShouldBeAbleToCreateCustomer" time="24.038" classname="test.AddCustomerTest"/>
  <system-out/>
</testsuite> <!-- test.AddCustomerTest -->
