<?xml version="1.0" encoding="UTF-8"?>
<!-- Generated by org.testng.reporters.JUnitReportReporter -->
<testsuite skipped="0" hostname="DESKTOP-D69MGO4" name="test.Logintest" tests="1" failures="0" timestamp="2021-06-01T18:26:39 CDT" time="8.586" errors="0">
  <testcase name="validUserShouldBeAbleToLogin" time="8.586" classname="test.Logintest"/>
  <system-out/>
</testsuite> <!-- test.Logintest -->
