<?xml version="1.0" encoding="UTF-8"?>
<!-- Generated by org.testng.reporters.JUnitReportReporter -->
<testsuite skipped="0" hostname="DESKTOP-D69MGO4" name="test.ListCustomerTest" tests="1" failures="0" timestamp="2021-06-04T15:06:20 CDT" time="35.626" errors="0">
  <testcase name="userShouldBeAbletoUseSearchBarOnListCustomer" time="35.626" classname="test.ListCustomerTest"/>
  <system-out/>
</testsuite> <!-- test.ListCustomerTest -->
